2021-01-05 15:35:00.483 | INFO  |  | [background-preinit] - HV000001: Hibernate Validator 5.3.6.Final
2021-01-05 15:35:01.559 | INFO  |  | [main] - Creating Service {http://xmlns.oracle.com/SCA_BloqueoLoginUsuario/FrameworkSeguridad/FrameworkMediator}FrameworkMediator_ep from WSDL: https://soavides.bolivariano.fin.ec:5554/FrameworkSeguridad/proxy/FrameworkSeguridad?wsdl
2021-01-05 15:35:03.111 | INFO  |  | [main] - se cargaron las propiedades del framework con exito
2021-01-05 15:35:03.116 | INFO  |  | [main] - Starting PersonapasMsApplication on DES023037 with PID 23720 (D:\proyectos\2018\cash\SPI\PersonapasMS\Fuente\PersonapasMS\target\classes started by merast in D:\proyectos\2018\cash\SPI\PersonapasMS\Fuente\PersonapasMS)
2021-01-05 15:35:03.116 | INFO  |  | [main] - No active profile set, falling back to default profiles: default
2021-01-05 15:35:03.137 | INFO  |  | [main] - Refreshing org.springframework.boot.context.embedded.AnnotationConfigEmbeddedWebApplicationContext@6babf3bf: startup date [Tue Jan 05 15:35:03 COT 2021]; root of context hierarchy
2021-01-05 15:35:03.711 | INFO  |  | [main] - Overriding bean definition for bean 'camelBeanPostProcessor' with a different definition: replacing [Root bean: class [null]; scope=; abstract=false; lazyInit=false; autowireMode=3; dependencyCheck=0; autowireCandidate=true; primary=false; factoryBeanName=camelConfiguration; factoryMethodName=camelBeanPostProcessor; initMethodName=null; destroyMethodName=(inferred); defined in class path resource [com/bolivariano/microservice/personapasms/configuration/CamelConfiguration.class]] with [Root bean: class [null]; scope=; abstract=false; lazyInit=false; autowireMode=3; dependencyCheck=0; autowireCandidate=true; primary=false; factoryBeanName=org.apache.camel.spring.boot.CamelAutoConfiguration; factoryMethodName=camelBeanPostProcessor; initMethodName=null; destroyMethodName=(inferred); defined in class path resource [org/apache/camel/spring/boot/CamelAutoConfiguration.class]]
2021-01-05 15:35:03.871 | INFO  |  | [main] - Loading XML bean definitions from class path resource [META-INF/cxf/cxf.xml]
2021-01-05 15:35:04.277 | INFO  |  | [main] - Bean 'org.apache.camel.spring.boot.CamelAutoConfiguration' of type [org.apache.camel.spring.boot.CamelAutoConfiguration$$EnhancerBySpringCGLIB$$af5f9efd] is not eligible for getting processed by all BeanPostProcessors (for example: not eligible for auto-proxying)
2021-01-05 15:35:04.283 | INFO  |  | [main] - Bean 'org.springframework.transaction.annotation.ProxyTransactionManagementConfiguration' of type [org.springframework.transaction.annotation.ProxyTransactionManagementConfiguration$$EnhancerBySpringCGLIB$$8d35d8de] is not eligible for getting processed by all BeanPostProcessors (for example: not eligible for auto-proxying)
2021-01-05 15:35:04.633 | INFO  |  | [main] - XNIO version 3.3.8.Final
2021-01-05 15:35:04.671 | INFO  |  | [main] - XNIO NIO Implementation Version 3.3.8.Final
2021-01-05 15:35:04.708 | WARN  |  | [main] - UT026009: XNIO worker was not set on WebSocketDeploymentInfo, the default worker will be used
2021-01-05 15:35:04.708 | WARN  |  | [main] - UT026010: Buffer pool was not set on WebSocketDeploymentInfo, the default pool will be used
2021-01-05 15:35:04.763 | INFO  |  | [main] - Initializing Spring embedded WebApplicationContext
2021-01-05 15:35:04.763 | INFO  |  | [main] - Root WebApplicationContext: initialization completed in 1626 ms
2021-01-05 15:35:05.002 | INFO  |  | [main] - Mapping filter: 'metricsFilter' to: [/*]
2021-01-05 15:35:05.003 | INFO  |  | [main] - Mapping filter: 'characterEncodingFilter' to: [/*]
2021-01-05 15:35:05.003 | INFO  |  | [main] - Mapping filter: 'hiddenHttpMethodFilter' to: [/*]
2021-01-05 15:35:05.003 | INFO  |  | [main] - Mapping filter: 'httpPutFormContentFilter' to: [/*]
2021-01-05 15:35:05.003 | INFO  |  | [main] - Mapping filter: 'requestContextFilter' to: [/*]
2021-01-05 15:35:05.004 | INFO  |  | [main] - Mapping filter: 'springSecurityFilterChain' to: [/*]
2021-01-05 15:35:05.004 | INFO  |  | [main] - Mapping filter: 'webRequestLoggingFilter' to: [/*]
2021-01-05 15:35:05.004 | INFO  |  | [main] - Mapping filter: 'applicationContextIdFilter' to: [/*]
2021-01-05 15:35:05.004 | INFO  |  | [main] - Mapping servlet: 'CXFServlet' to [/Pasivos/soap/*]
2021-01-05 15:35:05.005 | INFO  |  | [main] - Mapping servlet: 'dispatcherServlet' to [/]
2021-01-05 15:35:05.008 | INFO  |  | [main] - Mapping servlet: 'CXFServlet' to [/services/*]
2021-01-05 15:35:05.009 | INFO  |  | [main] - Servlet CXFServlet was not registered (possibly already registered?)
2021-01-05 15:35:05.531 | INFO  |  | [main] - Creating Service {http://www.bolivariano.com/ws/RegistroCivil/}RegistroCivilSOAPQSService from WSDL: https://soavides.bolivariano.fin.ec:5554/RegistroCivil/proxy/RegistroCivil?wsdl
2021-01-05 15:35:07.075 | WARN  |  | [main] - No CamelContext defined yet so cannot inject into bean: org.apache.camel.converter.jaxb.FallbackTypeConverter
2021-01-05 15:35:07.076 | INFO  |  | [main] - Type converters loaded (core: 193, classpath: 22)
2021-01-05 15:35:07.656 | INFO  |  | [main] - 

Using default security password: f0161d3a-ac88-4877-84a9-cdeafe3f0839

2021-01-05 15:35:07.727 | INFO  |  | [main] - Creating filter chain: org.springframework.security.web.util.matcher.AnyRequestMatcher@1, [org.springframework.security.web.context.request.async.WebAsyncManagerIntegrationFilter@5687e92d, org.springframework.security.web.context.SecurityContextPersistenceFilter@712eb075, org.springframework.security.web.header.HeaderWriterFilter@10d8769e, org.springframework.security.web.authentication.logout.LogoutFilter@4a4979bf, org.springframework.security.web.savedrequest.RequestCacheAwareFilter@78c34153, org.springframework.security.web.servletapi.SecurityContextHolderAwareRequestFilter@106e6dfe, org.springframework.security.web.authentication.AnonymousAuthenticationFilter@2eef43f5, org.springframework.security.web.session.SessionManagementFilter@25df95b, org.springframework.security.web.access.ExceptionTranslationFilter@2df0a4c3]
2021-01-05 15:35:07.781 | INFO  |  | [main] - Mapped "{[/error]}" onto public org.springframework.http.ResponseEntity<java.util.Map<java.lang.String, java.lang.Object>> org.springframework.boot.autoconfigure.web.BasicErrorController.error(javax.servlet.http.HttpServletRequest)
2021-01-05 15:35:07.782 | INFO  |  | [main] - Mapped "{[/error],produces=[text/html]}" onto public org.springframework.web.servlet.ModelAndView org.springframework.boot.autoconfigure.web.BasicErrorController.errorHtml(javax.servlet.http.HttpServletRequest,javax.servlet.http.HttpServletResponse)
2021-01-05 15:35:07.804 | INFO  |  | [main] - Mapped URL path [/webjars/**] onto handler of type [class org.springframework.web.servlet.resource.ResourceHttpRequestHandler]
2021-01-05 15:35:07.804 | INFO  |  | [main] - Mapped URL path [/**] onto handler of type [class org.springframework.web.servlet.resource.ResourceHttpRequestHandler]
2021-01-05 15:35:07.814 | INFO  |  | [main] - Mapped URL path [/**/favicon.ico] onto handler of type [class org.springframework.web.servlet.resource.ResourceHttpRequestHandler]
2021-01-05 15:35:08.022 | INFO  |  | [main] - Mapped "{[/camel/routes/{id}/start],methods=[POST],produces=[application/vnd.spring-boot.actuator.v1+json || application/json]}" onto public java.lang.Object org.apache.camel.spring.boot.actuate.endpoint.CamelRoutesMvcEndpoint.start(java.lang.String)
2021-01-05 15:35:08.023 | INFO  |  | [main] - Mapped "{[/camel/routes/{id}/stop],methods=[POST],produces=[application/vnd.spring-boot.actuator.v1+json || application/json]}" onto public java.lang.Object org.apache.camel.spring.boot.actuate.endpoint.CamelRoutesMvcEndpoint.stop(java.lang.String,java.lang.Long,java.lang.Boolean)
2021-01-05 15:35:08.023 | INFO  |  | [main] - Mapped "{[/camel/routes/{id}/suspend],methods=[POST],produces=[application/vnd.spring-boot.actuator.v1+json || application/json]}" onto public java.lang.Object org.apache.camel.spring.boot.actuate.endpoint.CamelRoutesMvcEndpoint.suspend(java.lang.String,java.lang.Long)
2021-01-05 15:35:08.023 | INFO  |  | [main] - Mapped "{[/camel/routes/{id}/resume],methods=[POST],produces=[application/vnd.spring-boot.actuator.v1+json || application/json]}" onto public java.lang.Object org.apache.camel.spring.boot.actuate.endpoint.CamelRoutesMvcEndpoint.resume(java.lang.String)
2021-01-05 15:35:08.023 | INFO  |  | [main] - Mapped "{[/camel/routes/{id}/reset],methods=[POST],produces=[application/vnd.spring-boot.actuator.v1+json || application/json]}" onto public java.lang.Object org.apache.camel.spring.boot.actuate.endpoint.CamelRoutesMvcEndpoint.reset(java.lang.String)
2021-01-05 15:35:08.023 | INFO  |  | [main] - Mapped "{[/camel/routes/{id}/info],methods=[GET],produces=[application/vnd.spring-boot.actuator.v1+json || application/json]}" onto public java.lang.Object org.apache.camel.spring.boot.actuate.endpoint.CamelRoutesMvcEndpoint.info(java.lang.String)
2021-01-05 15:35:08.023 | INFO  |  | [main] - Mapped "{[/camel/routes/{id}/detail],methods=[GET],produces=[application/vnd.spring-boot.actuator.v1+json || application/json]}" onto public java.lang.Object org.apache.camel.spring.boot.actuate.endpoint.CamelRoutesMvcEndpoint.detail(java.lang.String)
2021-01-05 15:35:08.023 | INFO  |  | [main] - Mapped "{[/camel/routes/{id}/dump],methods=[GET],produces=[application/xml]}" onto public java.lang.Object org.apache.camel.spring.boot.actuate.endpoint.CamelRoutesMvcEndpoint.dump(java.lang.String)
2021-01-05 15:35:08.024 | INFO  |  | [main] - Mapped "{[/camel/routes || /camel/routes.json],methods=[GET],produces=[application/vnd.spring-boot.actuator.v1+json || application/json]}" onto public java.lang.Object org.springframework.boot.actuate.endpoint.mvc.EndpointMvcAdapter.invoke()
2021-01-05 15:35:08.024 | INFO  |  | [main] - Mapped "{[/heapdump || /heapdump.json],methods=[GET],produces=[application/octet-stream]}" onto public void org.springframework.boot.actuate.endpoint.mvc.HeapdumpMvcEndpoint.invoke(boolean,javax.servlet.http.HttpServletRequest,javax.servlet.http.HttpServletResponse) throws java.io.IOException,javax.servlet.ServletException
2021-01-05 15:35:08.024 | INFO  |  | [main] - Mapped "{[/info || /info.json],methods=[GET],produces=[application/vnd.spring-boot.actuator.v1+json || application/json]}" onto public java.lang.Object org.springframework.boot.actuate.endpoint.mvc.EndpointMvcAdapter.invoke()
2021-01-05 15:35:08.025 | INFO  |  | [main] - Mapped "{[/env/{name:.*}],methods=[GET],produces=[application/vnd.spring-boot.actuator.v1+json || application/json]}" onto public java.lang.Object org.springframework.boot.actuate.endpoint.mvc.EnvironmentMvcEndpoint.value(java.lang.String)
2021-01-05 15:35:08.026 | INFO  |  | [main] - Mapped "{[/env || /env.json],methods=[GET],produces=[application/vnd.spring-boot.actuator.v1+json || application/json]}" onto public java.lang.Object org.springframework.boot.actuate.endpoint.mvc.EndpointMvcAdapter.invoke()
2021-01-05 15:35:08.026 | INFO  |  | [main] - Mapped "{[/configprops || /configprops.json],methods=[GET],produces=[application/vnd.spring-boot.actuator.v1+json || application/json]}" onto public java.lang.Object org.springframework.boot.actuate.endpoint.mvc.EndpointMvcAdapter.invoke()
2021-01-05 15:35:08.027 | INFO  |  | [main] - Mapped "{[/camel/health/check/{id}/invoke],methods=[GET],produces=[application/vnd.spring-boot.actuator.v1+json || application/json]}" onto public java.lang.Object org.apache.camel.spring.boot.actuate.endpoint.CamelHealthCheckMvcEndpoint.invoke(java.lang.String,java.util.Map<java.lang.String, java.lang.Object>)
2021-01-05 15:35:08.027 | INFO  |  | [main] - Mapped "{[/camel/health/check/{id}],methods=[GET],produces=[application/vnd.spring-boot.actuator.v1+json || application/json]}" onto public java.lang.Object org.apache.camel.spring.boot.actuate.endpoint.CamelHealthCheckMvcEndpoint.query(java.lang.String,java.util.Map<java.lang.String, java.lang.Object>)
2021-01-05 15:35:08.027 | INFO  |  | [main] - Mapped "{[/camel/health/check || /camel/health/check.json],methods=[GET],produces=[application/vnd.spring-boot.actuator.v1+json || application/json]}" onto public java.lang.Object org.springframework.boot.actuate.endpoint.mvc.EndpointMvcAdapter.invoke()
2021-01-05 15:35:08.027 | INFO  |  | [main] - Mapped "{[/trace || /trace.json],methods=[GET],produces=[application/vnd.spring-boot.actuator.v1+json || application/json]}" onto public java.lang.Object org.springframework.boot.actuate.endpoint.mvc.EndpointMvcAdapter.invoke()
2021-01-05 15:35:08.027 | INFO  |  | [main] - Mapped "{[/autoconfig || /autoconfig.json],methods=[GET],produces=[application/vnd.spring-boot.actuator.v1+json || application/json]}" onto public java.lang.Object org.springframework.boot.actuate.endpoint.mvc.EndpointMvcAdapter.invoke()
2021-01-05 15:35:08.028 | INFO  |  | [main] - Mapped "{[/health || /health.json],methods=[GET],produces=[application/vnd.spring-boot.actuator.v1+json || application/json]}" onto public java.lang.Object org.springframework.boot.actuate.endpoint.mvc.HealthMvcEndpoint.invoke(javax.servlet.http.HttpServletRequest,java.security.Principal)
2021-01-05 15:35:08.029 | INFO  |  | [main] - Mapped "{[/loggers/{name:.*}],methods=[GET],produces=[application/vnd.spring-boot.actuator.v1+json || application/json]}" onto public java.lang.Object org.springframework.boot.actuate.endpoint.mvc.LoggersMvcEndpoint.get(java.lang.String)
2021-01-05 15:35:08.029 | INFO  |  | [main] - Mapped "{[/loggers/{name:.*}],methods=[POST],consumes=[application/vnd.spring-boot.actuator.v1+json || application/json],produces=[application/vnd.spring-boot.actuator.v1+json || application/json]}" onto public java.lang.Object org.springframework.boot.actuate.endpoint.mvc.LoggersMvcEndpoint.set(java.lang.String,java.util.Map<java.lang.String, java.lang.String>)
2021-01-05 15:35:08.029 | INFO  |  | [main] - Mapped "{[/loggers || /loggers.json],methods=[GET],produces=[application/vnd.spring-boot.actuator.v1+json || application/json]}" onto public java.lang.Object org.springframework.boot.actuate.endpoint.mvc.EndpointMvcAdapter.invoke()
2021-01-05 15:35:08.029 | INFO  |  | [main] - Mapped "{[/metrics/{name:.*}],methods=[GET],produces=[application/vnd.spring-boot.actuator.v1+json || application/json]}" onto public java.lang.Object org.springframework.boot.actuate.endpoint.mvc.MetricsMvcEndpoint.value(java.lang.String)
2021-01-05 15:35:08.029 | INFO  |  | [main] - Mapped "{[/metrics || /metrics.json],methods=[GET],produces=[application/vnd.spring-boot.actuator.v1+json || application/json]}" onto public java.lang.Object org.springframework.boot.actuate.endpoint.mvc.EndpointMvcAdapter.invoke()
2021-01-05 15:35:08.030 | INFO  |  | [main] - Mapped "{[/beans || /beans.json],methods=[GET],produces=[application/vnd.spring-boot.actuator.v1+json || application/json]}" onto public java.lang.Object org.springframework.boot.actuate.endpoint.mvc.EndpointMvcAdapter.invoke()
2021-01-05 15:35:08.030 | INFO  |  | [main] - Mapped "{[/dump || /dump.json],methods=[GET],produces=[application/vnd.spring-boot.actuator.v1+json || application/json]}" onto public java.lang.Object org.springframework.boot.actuate.endpoint.mvc.EndpointMvcAdapter.invoke()
2021-01-05 15:35:08.030 | INFO  |  | [main] - Mapped "{[/camel/route-controller || /camel/route-controller.json],methods=[GET],produces=[application/vnd.spring-boot.actuator.v1+json || application/json]}" onto public java.lang.Object org.springframework.boot.actuate.endpoint.mvc.EndpointMvcAdapter.invoke()
2021-01-05 15:35:08.030 | INFO  |  | [main] - Mapped "{[/auditevents || /auditevents.json],methods=[GET],produces=[application/vnd.spring-boot.actuator.v1+json || application/json]}" onto public org.springframework.http.ResponseEntity<?> org.springframework.boot.actuate.endpoint.mvc.AuditEventsMvcEndpoint.findByPrincipalAndAfterAndType(java.lang.String,java.util.Date,java.lang.String)
2021-01-05 15:35:08.031 | INFO  |  | [main] - Mapped "{[/mappings || /mappings.json],methods=[GET],produces=[application/vnd.spring-boot.actuator.v1+json || application/json]}" onto public java.lang.Object org.springframework.boot.actuate.endpoint.mvc.EndpointMvcAdapter.invoke()
2021-01-05 15:35:08.031 | INFO  |  | [main] - Creating filter chain: org.springframework.boot.actuate.autoconfigure.ManagementWebSecurityAutoConfiguration$LazyEndpointPathRequestMatcher@38f704f4, [org.springframework.security.web.context.request.async.WebAsyncManagerIntegrationFilter@43f4621b, org.springframework.security.web.context.SecurityContextPersistenceFilter@4d2bcca8, org.springframework.security.web.header.HeaderWriterFilter@1ced1fb9, org.springframework.web.filter.CorsFilter@5b076d23, org.springframework.security.web.authentication.logout.LogoutFilter@46c7c593, org.springframework.security.web.authentication.www.BasicAuthenticationFilter@727b3b0, org.springframework.security.web.savedrequest.RequestCacheAwareFilter@4587675c, org.springframework.security.web.servletapi.SecurityContextHolderAwareRequestFilter@31e3b882, org.springframework.security.web.authentication.AnonymousAuthenticationFilter@14d43f13, org.springframework.security.web.session.SessionManagementFilter@5d28e108, org.springframework.security.web.access.ExceptionTranslationFilter@39d62e47, org.springframework.security.web.access.intercept.FilterSecurityInterceptor@1efa258e]
2021-01-05 15:35:08.149 | INFO  |  | [main] - Looking for @ControllerAdvice: org.springframework.boot.context.embedded.AnnotationConfigEmbeddedWebApplicationContext@6babf3bf: startup date [Tue Jan 05 15:35:03 COT 2021]; root of context hierarchy
2021-01-05 15:35:09.245 | INFO  |  | [main] - Registering beans for JMX exposure on startup
2021-01-05 15:35:09.250 | INFO  |  | [main] - Registering beans for JMX exposure on startup
2021-01-05 15:35:09.253 | INFO  |  | [main] - Starting beans in phase 0
2021-01-05 15:35:09.255 | INFO  |  | [main] - Located managed bean 'auditEventsEndpoint': registering with JMX server as MBean [org.springframework.boot:type=Endpoint,name=auditEventsEndpoint]
2021-01-05 15:35:09.267 | INFO  |  | [main] - Located managed bean 'healthChecksEndpoint': registering with JMX server as MBean [org.springframework.boot:type=Endpoint,name=healthChecksEndpoint]
2021-01-05 15:35:09.272 | INFO  |  | [main] - Located managed bean 'routeControllerEndpoint': registering with JMX server as MBean [org.springframework.boot:type=Endpoint,name=routeControllerEndpoint]
2021-01-05 15:35:09.275 | INFO  |  | [main] - Located managed bean 'camelEndpoint': registering with JMX server as MBean [org.springframework.boot:type=Endpoint,name=camelEndpoint]
2021-01-05 15:35:09.276 | INFO  |  | [main] - Located managed bean 'requestMappingEndpoint': registering with JMX server as MBean [org.springframework.boot:type=Endpoint,name=requestMappingEndpoint]
2021-01-05 15:35:09.278 | INFO  |  | [main] - Located managed bean 'environmentEndpoint': registering with JMX server as MBean [org.springframework.boot:type=Endpoint,name=environmentEndpoint]
2021-01-05 15:35:09.279 | INFO  |  | [main] - Located managed bean 'healthEndpoint': registering with JMX server as MBean [org.springframework.boot:type=Endpoint,name=healthEndpoint]
2021-01-05 15:35:09.281 | INFO  |  | [main] - Located managed bean 'beansEndpoint': registering with JMX server as MBean [org.springframework.boot:type=Endpoint,name=beansEndpoint]
2021-01-05 15:35:09.282 | INFO  |  | [main] - Located managed bean 'infoEndpoint': registering with JMX server as MBean [org.springframework.boot:type=Endpoint,name=infoEndpoint]
2021-01-05 15:35:09.284 | INFO  |  | [main] - Located managed bean 'loggersEndpoint': registering with JMX server as MBean [org.springframework.boot:type=Endpoint,name=loggersEndpoint]
2021-01-05 15:35:09.287 | INFO  |  | [main] - Located managed bean 'metricsEndpoint': registering with JMX server as MBean [org.springframework.boot:type=Endpoint,name=metricsEndpoint]
2021-01-05 15:35:09.288 | INFO  |  | [main] - Located managed bean 'traceEndpoint': registering with JMX server as MBean [org.springframework.boot:type=Endpoint,name=traceEndpoint]
2021-01-05 15:35:09.289 | INFO  |  | [main] - Located managed bean 'dumpEndpoint': registering with JMX server as MBean [org.springframework.boot:type=Endpoint,name=dumpEndpoint]
2021-01-05 15:35:09.290 | INFO  |  | [main] - Located managed bean 'autoConfigurationReportEndpoint': registering with JMX server as MBean [org.springframework.boot:type=Endpoint,name=autoConfigurationReportEndpoint]
2021-01-05 15:35:09.291 | INFO  |  | [main] - Located managed bean 'configurationPropertiesReportEndpoint': registering with JMX server as MBean [org.springframework.boot:type=Endpoint,name=configurationPropertiesReportEndpoint]
2021-01-05 15:35:09.312 | INFO  |  | [main] - Apache Camel 2.21.0 (CamelContext: camel-1) is starting
2021-01-05 15:35:09.313 | INFO  |  | [main] - MDC logging is enabled on CamelContext: camel-1
2021-01-05 15:35:09.313 | INFO  |  | [main] - JMX is enabled
2021-01-05 15:35:09.483 | INFO  |  | [main] - StreamCaching is not in use. If using streams then its recommended to enable stream caching. See more details at http://camel.apache.org/stream-caching.html
2021-01-05 15:35:09.493 | INFO  |  | [main] - Refreshing org.apache.cxf.bus.spring.BusApplicationContext@4907472e: startup date [Tue Jan 05 15:35:09 COT 2021]; parent: org.springframework.boot.context.embedded.AnnotationConfigEmbeddedWebApplicationContext@6babf3bf
2021-01-05 15:35:09.504 | INFO  |  | [main] - Creating Service {http://www.bolivariano.com/Pasivos/ws/PersonapasMS/v1.0}PersonapasMS from WSDL: classpath:config/wsdl/PersonapasMS.wsdl
2021-01-05 15:35:09.547 | INFO  |  | [main] - Setting the server's publish address to be /PersonapasMSNS
2021-01-05 15:35:09.566 | INFO  |  | [main] - Refreshing org.apache.cxf.bus.spring.BusApplicationContext@6e530ccc: startup date [Tue Jan 05 15:35:09 COT 2021]; parent: org.springframework.boot.context.embedded.AnnotationConfigEmbeddedWebApplicationContext@6babf3bf
2021-01-05 15:35:09.570 | INFO  |  | [main] - Creating Service {http://www.bolivariano.com/Pasivos/ws/PersonapasMS/v1.0}PersonapasMS from WSDL: classpath:config/wsdl/PersonapasMS.wsdl
2021-01-05 15:35:09.571 | INFO  |  | [main] - Setting the server's publish address to be /PersonapasMS
2021-01-05 15:35:10.657 | INFO  |  | [main] - Route: _route1 started and consuming from: cxf://bean:endpointSOAP
2021-01-05 15:35:10.658 | INFO  |  | [main] - Route: _route2 started and consuming from: cxf://bean:endpointSOAPSecure
2021-01-05 15:35:10.658 | INFO  |  | [main] - Route: _route3 started and consuming from: direct://logic
2021-01-05 15:35:10.658 | INFO  |  | [main] - Total 3 routes, of which 3 are started
2021-01-05 15:35:10.659 | INFO  |  | [main] - Apache Camel 2.21.0 (CamelContext: camel-1) started in 1.357 seconds
2021-01-05 15:35:10.751 | INFO  |  | [main] - Undertow started on port(s) 7003 (https)
2021-01-05 15:35:10.754 | INFO  |  | [main] - Started PersonapasMsApplication in 10.754 seconds (JVM running for 12.914)
2021-01-05 15:40:12.523 | INFO  |  | [RMI TCP Connection(15)-127.0.0.1] - Application shutdown requested.
2021-01-05 15:40:12.523 | INFO  |  | [RMI TCP Connection(15)-127.0.0.1] - Closing org.springframework.boot.context.embedded.AnnotationConfigEmbeddedWebApplicationContext@6babf3bf: startup date [Tue Jan 05 15:35:03 COT 2021]; root of context hierarchy
2021-01-05 15:40:12.525 | INFO  |  | [RMI TCP Connection(15)-127.0.0.1] - Closing org.apache.cxf.bus.spring.BusApplicationContext@6e530ccc: startup date [Tue Jan 05 15:35:09 COT 2021]; parent: org.springframework.boot.context.embedded.AnnotationConfigEmbeddedWebApplicationContext@6babf3bf
2021-01-05 15:40:12.526 | INFO  |  | [RMI TCP Connection(15)-127.0.0.1] - Closing org.apache.cxf.bus.spring.BusApplicationContext@4907472e: startup date [Tue Jan 05 15:35:09 COT 2021]; parent: org.springframework.boot.context.embedded.AnnotationConfigEmbeddedWebApplicationContext@6babf3bf
2021-01-05 15:40:12.528 | INFO  |  | [RMI TCP Connection(15)-127.0.0.1] - Stopping beans in phase 2147483647
2021-01-05 15:40:12.528 | INFO  |  | [RMI TCP Connection(15)-127.0.0.1] - Apache Camel 2.21.0 (CamelContext: camel-1) is shutting down
2021-01-05 15:40:12.529 | INFO  |  | [RMI TCP Connection(15)-127.0.0.1] - Starting to graceful shutdown 3 routes (timeout 300 seconds)
2021-01-05 15:40:12.531 | INFO  |  | [Camel (camel-1) thread #1 - ShutdownTask] - Route: _route2 shutdown complete, was consuming from: cxf://bean:endpointSOAPSecure
2021-01-05 15:40:12.531 | INFO  |  | [Camel (camel-1) thread #1 - ShutdownTask] - Route: _route1 shutdown complete, was consuming from: cxf://bean:endpointSOAP
2021-01-05 15:40:12.532 | INFO  |  | [Camel (camel-1) thread #1 - ShutdownTask] - Route: _route3 shutdown complete, was consuming from: direct://logic
2021-01-05 15:40:12.532 | INFO  |  | [RMI TCP Connection(15)-127.0.0.1] - Graceful shutdown of 3 routes completed in 0 seconds
2021-01-05 15:40:12.542 | INFO  |  | [RMI TCP Connection(15)-127.0.0.1] - shutdown the bus ... org.apache.cxf.bus.spring.SpringBus@787073b3
2021-01-05 15:40:12.543 | INFO  |  | [RMI TCP Connection(15)-127.0.0.1] - shutdown the bus ... org.apache.cxf.bus.spring.SpringBus@787073b3
2021-01-05 15:40:12.549 | INFO  |  | [RMI TCP Connection(15)-127.0.0.1] - Apache Camel 2.21.0 (CamelContext: camel-1) uptime 5 minutes
2021-01-05 15:40:12.549 | INFO  |  | [RMI TCP Connection(15)-127.0.0.1] - Apache Camel 2.21.0 (CamelContext: camel-1) is shutdown in 0.021 seconds
2021-01-05 15:40:12.549 | INFO  |  | [RMI TCP Connection(15)-127.0.0.1] - Stopping beans in phase 0
2021-01-05 15:40:12.550 | INFO  |  | [RMI TCP Connection(15)-127.0.0.1] - Unregistering JMX-exposed beans on shutdown
2021-01-05 15:40:12.550 | INFO  |  | [RMI TCP Connection(15)-127.0.0.1] - Unregistering JMX-exposed beans
2021-01-05 15:40:12.550 | INFO  |  | [RMI TCP Connection(15)-127.0.0.1] - Unregistering JMX-exposed beans on shutdown
